<?xml version="1.0" encoding="UTF-8"?>
<!-- Generated by org.testng.reporters.JUnitXMLReporter -->
<testsuite ignored="1" hostname="DESKTOP-VRBAL0D" failures="0" tests="1" name="Default test" time="7.61" errors="0" timestamp="2023-05-06T11:11:06 IST">
  <testcase classname="com.synechron.testcases.LoginPageTest" name="validateLogin" time="1.987"/>
  <testcase classname="com.synechron.testcases.LoginPageTest" name="validateTitle" time="0.0">
    <ignored/>
  </testcase> <!-- validateTitle -->
</testsuite> <!-- Default test -->
