<?xml version="1.0" encoding="UTF-8"?>
<!-- Generated by org.testng.reporters.JUnitXMLReporter -->
<testsuite ignored="0" hostname="DESKTOP-VRBAL0D" failures="0" tests="3" name="Test" time="21.509" errors="0" timestamp="2023-05-06T16:01:03 IST">
  <testcase classname="com.synechron.testcases.DashboardPageTest" name="validateTimeAtWorkSection" time="2.968"/>
  <testcase classname="com.synechron.testcases.LoginPageTest" name="validateLogin" time="2.027"/>
  <testcase classname="com.synechron.testcases.LoginPageTest" name="validateTitle" time="0.005"/>
</testsuite> <!-- Test -->
