<?xml version="1.0" encoding="UTF-8"?>
<testng-results ignored="0" total="3" passed="3" failed="0" skipped="0">
  <reporter-output>
  </reporter-output>
  <suite started-at="2023-05-06T16:00:42 IST" name="Suite" finished-at="2023-05-06T16:01:03 IST" duration-ms="21509">
    <groups>
    </groups>
    <test started-at="2023-05-06T16:00:42 IST" name="Test" finished-at="2023-05-06T16:01:03 IST" duration-ms="21509">
      <class name="com.synechron.testcases.DashboardPageTest">
        <test-method is-config="true" signature="browserConfig()[pri:0, instance:com.synechron.testcases.DashboardPageTest@957e06]" started-at="2023-05-06T16:00:42 IST" name="browserConfig" finished-at="2023-05-06T16:00:48 IST" duration-ms="6230" status="PASS">
          <reporter-output>
          </reporter-output>
        </test-method> <!-- browserConfig -->
        <test-method signature="validateTimeAtWorkSection()[pri:0, instance:com.synechron.testcases.DashboardPageTest@957e06]" started-at="2023-05-06T16:00:48 IST" name="validateTimeAtWorkSection" finished-at="2023-05-06T16:00:51 IST" duration-ms="2968" status="PASS">
          <reporter-output>
          </reporter-output>
        </test-method> <!-- validateTimeAtWorkSection -->
        <test-method is-config="true" signature="closeSetup()[pri:0, instance:com.synechron.testcases.DashboardPageTest@957e06]" started-at="2023-05-06T16:00:51 IST" name="closeSetup" finished-at="2023-05-06T16:00:52 IST" duration-ms="738" status="PASS">
          <reporter-output>
          </reporter-output>
        </test-method> <!-- closeSetup -->
      </class> <!-- com.synechron.testcases.DashboardPageTest -->
      <class name="com.synechron.testcases.LoginPageTest">
        <test-method is-config="true" signature="browserConfig()[pri:0, instance:com.synechron.testcases.LoginPageTest@65c7a252]" started-at="2023-05-06T16:00:52 IST" name="browserConfig" finished-at="2023-05-06T16:00:56 IST" duration-ms="4130" status="PASS">
          <reporter-output>
          </reporter-output>
        </test-method> <!-- browserConfig -->
        <test-method signature="validateLogin()[pri:0, instance:com.synechron.testcases.LoginPageTest@65c7a252]" started-at="2023-05-06T16:00:56 IST" name="validateLogin" finished-at="2023-05-06T16:00:58 IST" duration-ms="2027" status="PASS">
          <reporter-output>
          </reporter-output>
        </test-method> <!-- validateLogin -->
        <test-method is-config="true" signature="closeSetup()[pri:0, instance:com.synechron.testcases.LoginPageTest@65c7a252]" started-at="2023-05-06T16:00:58 IST" name="closeSetup" finished-at="2023-05-06T16:00:59 IST" duration-ms="799" status="PASS">
          <reporter-output>
          </reporter-output>
        </test-method> <!-- closeSetup -->
        <test-method is-config="true" signature="browserConfig()[pri:0, instance:com.synechron.testcases.LoginPageTest@65c7a252]" started-at="2023-05-06T16:00:59 IST" name="browserConfig" finished-at="2023-05-06T16:01:03 IST" duration-ms="3869" status="PASS">
          <reporter-output>
          </reporter-output>
        </test-method> <!-- browserConfig -->
        <test-method signature="validateTitle()[pri:0, instance:com.synechron.testcases.LoginPageTest@65c7a252]" started-at="2023-05-06T16:01:03 IST" name="validateTitle" finished-at="2023-05-06T16:01:03 IST" duration-ms="5" status="PASS">
          <reporter-output>
          </reporter-output>
        </test-method> <!-- validateTitle -->
        <test-method is-config="true" signature="closeSetup()[pri:0, instance:com.synechron.testcases.LoginPageTest@65c7a252]" started-at="2023-05-06T16:01:03 IST" name="closeSetup" finished-at="2023-05-06T16:01:03 IST" duration-ms="658" status="PASS">
          <reporter-output>
          </reporter-output>
        </test-method> <!-- closeSetup -->
      </class> <!-- com.synechron.testcases.LoginPageTest -->
    </test> <!-- Test -->
  </suite> <!-- Suite -->
</testng-results>
