<?xml version="1.0" encoding="UTF-8"?>
<testng-results ignored="1" total="2" passed="1" failed="0" skipped="0">
  <reporter-output>
  </reporter-output>
  <suite started-at="2023-05-06T11:10:58 IST" name="Default suite" finished-at="2023-05-06T11:11:06 IST" duration-ms="7610">
    <groups>
    </groups>
    <test started-at="2023-05-06T11:10:58 IST" name="Default test" finished-at="2023-05-06T11:11:06 IST" duration-ms="7610">
      <class name="com.synechron.testcases.LoginPageTest">
        <test-method is-config="true" signature="browserConfig()[pri:0, instance:com.synechron.testcases.LoginPageTest@791f145a]" started-at="2023-05-06T11:10:59 IST" name="browserConfig" finished-at="2023-05-06T11:11:03 IST" duration-ms="4800" status="PASS">
          <reporter-output>
          </reporter-output>
        </test-method> <!-- browserConfig -->
        <test-method signature="validateLogin()[pri:0, instance:com.synechron.testcases.LoginPageTest@791f145a]" started-at="2023-05-06T11:11:03 IST" name="validateLogin" finished-at="2023-05-06T11:11:05 IST" duration-ms="1987" status="PASS">
          <reporter-output>
          </reporter-output>
        </test-method> <!-- validateLogin -->
        <test-method is-config="true" signature="closeSetup()[pri:0, instance:com.synechron.testcases.LoginPageTest@791f145a]" started-at="2023-05-06T11:11:05 IST" name="closeSetup" finished-at="2023-05-06T11:11:06 IST" duration-ms="737" status="PASS">
          <reporter-output>
          </reporter-output>
        </test-method> <!-- closeSetup -->
      </class> <!-- com.synechron.testcases.LoginPageTest -->
    </test> <!-- Default test -->
  </suite> <!-- Default suite -->
</testng-results>
